<?xml version="1.0" encoding="UTF-8"?>
<!-- Generated by org.testng.reporters.JUnitXMLReporter -->
<testsuite ignored="0" hostname="LIN51016245" failures="3" tests="5" name="Test" time="1.427" errors="0" timestamp="2022-06-20T13:42:32 IST">
  <testcase classname="com.capgemini.javaAssignment2.AssignmentTest" name="differentNumberOfColumns" time="0.839">
    <failure type="java.lang.AssertionError" message="Sheets have different count of columns.. expected [8] but found [7]">
      <![CDATA[java.lang.AssertionError: Sheets have different count of columns.. expected [8] but found [7]
at com.capgemini.javaAssignment2.JavaAssignment2.verifySheetsInExcelFilesHaveSameRowsAndColumns(JavaAssignment2.java:76)
at com.capgemini.javaAssignment2.AssignmentTest.differentNumberOfColumns(AssignmentTest.java:50)
at java.base/java.util.ArrayList.forEach(ArrayList.java:1511)
... Removed 32 stack frames]]>
    </failure>
  </testcase> <!-- differentNumberOfColumns -->
  <testcase classname="com.capgemini.javaAssignment2.AssignmentTest" name="differentNumberOfRows" time="0.116">
    <failure type="java.lang.AssertionError" message="Sheets have different count of rows.. expected [16] but found [15]">
      <![CDATA[java.lang.AssertionError: Sheets have different count of rows.. expected [16] but found [15]
at com.capgemini.javaAssignment2.JavaAssignment2.verifySheetsInExcelFilesHaveSameRowsAndColumns(JavaAssignment2.java:69)
at com.capgemini.javaAssignment2.AssignmentTest.differentNumberOfRows(AssignmentTest.java:40)
at java.base/java.util.ArrayList.forEach(ArrayList.java:1511)
... Removed 32 stack frames]]>
    </failure>
  </testcase> <!-- differentNumberOfRows -->
  <testcase classname="com.capgemini.javaAssignment2.AssignmentTest" name="differentNumberOfSheets" time="0.106">
    <failure type="java.lang.AssertionError" message="Excel work books have different number of sheets. 
 Sheets in work book 1 : 3
 Number of sheets in work book 2 : 2 expected [2] but found [3]">
      <![CDATA[java.lang.AssertionError: Excel work books have different number of sheets. 
 Sheets in work book 1 : 3
 Number of sheets in work book 2 : 2 expected [2] but found [3]
at com.capgemini.javaAssignment2.JavaAssignment2.verifyIfExcelFilesHaveSameNumberAndNameOfSheets(JavaAssignment2.java:29)
at com.capgemini.javaAssignment2.AssignmentTest.differentNumberOfSheets(AssignmentTest.java:18)
at java.base/java.util.ArrayList.forEach(ArrayList.java:1511)
... Removed 32 stack frames]]>
    </failure>
  </testcase> <!-- differentNumberOfSheets -->
  <testcase classname="com.capgemini.javaAssignment2.AssignmentTest" name="sameContentOfExcelFiles" time="0.214"/>
  <testcase classname="com.capgemini.javaAssignment2.AssignmentTest" name="sameNumberOfSheets" time="0.075"/>
</testsuite> <!-- Test -->
